  DirectXTexUtil.cpp
C:\Program Files (x86)\Windows Kits\10\Include\10.0.22000.0\um\d3d12.h(21268,19): warning C5264: 'D3D12TiledResourceTier4': 'const' 変数は使用されていません
C:\Program Files (x86)\Windows Kits\10\Include\10.0.22000.0\um\d3d12.h(21282,19): warning C5264: 'D3D12MetaCommand': 'const' 変数は使用されていません
C:\Program Files (x86)\Windows Kits\10\Include\10.0.22000.0\um\d3d12.h(21253,19): warning C5264: 'D3D12ExperimentalShaderModels': 'const' 変数は使用されていません
C:\Program Files\Microsoft Visual Studio\2022\Community\VC\Tools\MSVC\14.34.31933\include\xmemory(1348,39): warning C5264: 'std::_Fake_alloc': 'const' 変数は使用されていません
C:\Program Files\Microsoft Visual Studio\2022\Community\VC\Tools\MSVC\14.34.31933\include\functional(2037,34): warning C5264: 'std::placeholders::_4': 'const' 変数は使用されていません
C:\Program Files\Microsoft Visual Studio\2022\Community\VC\Tools\MSVC\14.34.31933\include\functional(2035,34): warning C5264: 'std::placeholders::_2': 'const' 変数は使用されていません
C:\Program Files\Microsoft Visual Studio\2022\Community\VC\Tools\MSVC\14.34.31933\include\functional(2036,34): warning C5264: 'std::placeholders::_3': 'const' 変数は使用されていません
C:\Program Files\Microsoft Visual Studio\2022\Community\VC\Tools\MSVC\14.34.31933\include\functional(2034,34): warning C5264: 'std::placeholders::_1': 'const' 変数は使用されていません
C:\Program Files\Microsoft Visual Studio\2022\Community\VC\Tools\MSVC\14.34.31933\include\functional(2051,35): warning C5264: 'std::placeholders::_18': 'const' 変数は使用されていません
C:\Program Files\Microsoft Visual Studio\2022\Community\VC\Tools\MSVC\14.34.31933\include\functional(2038,34): warning C5264: 'std::placeholders::_5': 'const' 変数は使用されていません
C:\Program Files\Microsoft Visual Studio\2022\Community\VC\Tools\MSVC\14.34.31933\include\functional(2052,35): warning C5264: 'std::placeholders::_19': 'const' 変数は使用されていません
C:\Program Files\Microsoft Visual Studio\2022\Community\VC\Tools\MSVC\14.34.31933\include\functional(2047,35): warning C5264: 'std::placeholders::_14': 'const' 変数は使用されていません
C:\Program Files\Microsoft Visual Studio\2022\Community\VC\Tools\MSVC\14.34.31933\include\functional(2040,34): warning C5264: 'std::placeholders::_7': 'const' 変数は使用されていません
C:\Program Files\Microsoft Visual Studio\2022\Community\VC\Tools\MSVC\14.34.31933\include\functional(2046,35): warning C5264: 'std::placeholders::_13': 'const' 変数は使用されていません
C:\Program Files\Microsoft Visual Studio\2022\Community\VC\Tools\MSVC\14.34.31933\include\functional(2045,35): warning C5264: 'std::placeholders::_12': 'const' 変数は使用されていません
C:\Program Files\Microsoft Visual Studio\2022\Community\VC\Tools\MSVC\14.34.31933\include\functional(2042,34): warning C5264: 'std::placeholders::_9': 'const' 変数は使用されていません
C:\Program Files\Microsoft Visual Studio\2022\Community\VC\Tools\MSVC\14.34.31933\include\functional(2041,34): warning C5264: 'std::placeholders::_8': 'const' 変数は使用されていません
C:\Program Files\Microsoft Visual Studio\2022\Community\VC\Tools\MSVC\14.34.31933\include\functional(2049,35): warning C5264: 'std::placeholders::_16': 'const' 変数は使用されていません
C:\Program Files\Microsoft Visual Studio\2022\Community\VC\Tools\MSVC\14.34.31933\include\functional(2044,35): warning C5264: 'std::placeholders::_11': 'const' 変数は使用されていません
C:\Program Files\Microsoft Visual Studio\2022\Community\VC\Tools\MSVC\14.34.31933\include\functional(2053,35): warning C5264: 'std::placeholders::_20': 'const' 変数は使用されていません
C:\Program Files\Microsoft Visual Studio\2022\Community\VC\Tools\MSVC\14.34.31933\include\functional(2043,35): warning C5264: 'std::placeholders::_10': 'const' 変数は使用されていません
C:\Program Files\Microsoft Visual Studio\2022\Community\VC\Tools\MSVC\14.34.31933\include\functional(2048,35): warning C5264: 'std::placeholders::_15': 'const' 変数は使用されていません
C:\Program Files\Microsoft Visual Studio\2022\Community\VC\Tools\MSVC\14.34.31933\include\functional(2039,34): warning C5264: 'std::placeholders::_6': 'const' 変数は使用されていません
C:\Program Files\Microsoft Visual Studio\2022\Community\VC\Tools\MSVC\14.34.31933\include\functional(2050,35): warning C5264: 'std::placeholders::_17': 'const' 変数は使用されていません
C:\Program Files\Microsoft Visual Studio\2022\Community\VC\Tools\MSVC\14.34.31933\include\utility(127,39): warning C5264: 'std::allocator_arg': 'const' 変数は使用されていません
C:\Program Files\Microsoft Visual Studio\2022\Community\VC\Tools\MSVC\14.34.31933\include\xmemory(105,30): warning C5264: 'std::_Big_allocation_threshold': 'const' 変数は使用されていません
C:\Program Files\Microsoft Visual Studio\2022\Community\VC\Tools\MSVC\14.34.31933\include\xmemory(121,30): warning C5264: 'std::_Big_allocation_sentinel': 'const' 変数は使用されていません
C:\Program Files\Microsoft Visual Studio\2022\Community\VC\Tools\MSVC\14.34.31933\include\algorithm(117,27): warning C5264: 'std::_ISORT_MAX': 'const' 変数は使用されていません
C:\Program Files\Microsoft Visual Studio\2022\Community\VC\Tools\MSVC\14.34.31933\include\xmemory(778,30): warning C5264: 'std::_Asan_granularity': 'const' 変数は使用されていません
C:\Program Files\Microsoft Visual Studio\2022\Community\VC\Tools\MSVC\14.34.31933\include\vector(2281,27): warning C5264: 'std::_VBITS': 'const' 変数は使用されていません
C:\Program Files\Microsoft Visual Studio\2022\Community\VC\Tools\MSVC\14.34.31933\include\type_traits(667,28): warning C5264: 'std::is_move_constructible_v<aligned_deleter>': 'const' 変数は使用されていません
C:\Program Files\Microsoft Visual Studio\2022\Community\VC\Tools\MSVC\14.34.31933\include\utility(114,45): warning C5264: 'std::piecewise_construct': 'const' 変数は使用されていません
C:\Program Files (x86)\Windows Kits\10\Include\10.0.22000.0\um\DirectXMath.h(255,24): warning C5264: 'DirectX::XM_PERMUTE_0W': 'const' 変数は使用されていません
C:\Program Files (x86)\Windows Kits\10\Include\10.0.22000.0\um\DirectXMath.h(271,22): warning C5264: 'DirectX::XM_CACHE_LINE_SIZE': 'const' 変数は使用されていません
C:\Program Files (x86)\Windows Kits\10\Include\10.0.22000.0\um\DirectXMath.h(259,24): warning C5264: 'DirectX::XM_PERMUTE_1W': 'const' 変数は使用されていません
C:\Users\bigsk\source\repos\CG2\DirectXTex\DirectXTex.h(603,18): warning C5264: 'DirectX::TEX_THRESHOLD_DEFAULT': 'const' 変数は使用されていません
  BC.cpp
  BC4BC5.cpp
  BC6HBC7.cpp
  BCDirectCompute.cpp
  DirectXTexCompress.cpp
  DirectXTexCompressGPU.cpp
  DirectXTexConvert.cpp
  DirectXTexD3D11.cpp
  DirectXTexD3D12.cpp
  DirectXTexDDS.cpp
  DirectXTexFlipRotate.cpp
  DirectXTexHDR.cpp
  DirectXTexImage.cpp
  DirectXTexMipMaps.cpp
  DirectXTexMisc.cpp
  DirectXTexNormalMaps.cpp
  DirectXTexPMAlpha.cpp
  DirectXTexResize.cpp
  DirectXTexTGA.cpp
  DirectXTexWIC.cpp
  コードを生成中...
  DirectXTex_Desktop_2022_Win10.vcxproj -> C:\Users\bigsk\source\repos\CG2\DirectXTex\Bin\Desktop_2022_Win10\x64\Release\DirectXTex.lib
